<?xml version="1.0" encoding="UTF-8"?>
<robot generator="Robot 4.1.3 (Python 3.10.1 on win32)" generated="20220118 10:57:43.001" rpa="false" schemaversion="2">
<suite id="s1" name="Test" source="C:\github\robot-framework-test-web\test.robot">
<test id="s1-t1" name="Deve retornar mensagem de boas vindas">
<kw name="Welcome" library="app">
<var>${result}</var>
<arg>Carol</arg>
<msg timestamp="20220118 10:57:43.048" level="INFO">${result} = Olá Carol, bem vindo ao curso de Robot Framework!</msg>
<status status="PASS" starttime="20220118 10:57:43.048" endtime="20220118 10:57:43.048"/>
</kw>
<kw name="Should Be Equal" library="BuiltIn">
<arg>${result}</arg>
<arg>Olá Carol, bem vindo ao curso de Robot Framework!</arg>
<doc>Fails if the given objects are unequal.</doc>
<status status="PASS" starttime="20220118 10:57:43.049" endtime="20220118 10:57:43.049"/>
</kw>
<status status="PASS" starttime="20220118 10:57:43.047" endtime="20220118 10:57:43.050"/>
</test>
<status status="PASS" starttime="20220118 10:57:43.002" endtime="20220118 10:57:43.052"/>
</suite>
<statistics>
<total>
<stat pass="1" fail="0" skip="0">All Tests</stat>
</total>
<tag>
</tag>
<suite>
<stat pass="1" fail="0" skip="0" id="s1" name="Test">Test</stat>
</suite>
</statistics>
<errors>
</errors>
</robot>
